<?xml version="1.0" encoding="UTF-8"?>
<!-- Generated by org.testng.reporters.JUnitXMLReporter -->
<testsuite hostname="IN-D6X7TT2" name="All Tests" tests="3" failures="0" timestamp="19 Sep 2021 11:37:52 GMT" time="15.474" errors="0">
  <testcase name="validateSearchResultsForValidCitySearch" time="2.695" classname="automationTests.HomePageTest"/>
  <testcase name="getWeatherInformation" time="1.688" classname="automationTests.APIWeatherTest"/>
  <testcase name="compareAndVariance" time="0.002" classname="automationTests.APIWeatherTest"/>
</testsuite> <!-- All Tests -->
