<?xml version="1.0" encoding="UTF-8"?>
<testng-results skipped="0" failed="0" total="3" passed="3">
  <reporter-output>
  </reporter-output>
  <suite name="Suite" duration-ms="15474" started-at="2021-09-19T11:37:36Z" finished-at="2021-09-19T11:37:52Z">
    <groups>
      <group name="UI">
        <method signature="HomePageTest.validateSearchResultsForValidCitySearch()[pri:1, instance:automationTests.HomePageTest@eafc191]" name="validateSearchResultsForValidCitySearch" class="automationTests.HomePageTest"/>
      </group> <!-- UI -->
      <group name="API">
        <method signature="APIWeatherTest.getWeatherInformation()[pri:1, instance:automationTests.APIWeatherTest@612fc6eb]" name="getWeatherInformation" class="automationTests.APIWeatherTest"/>
        <method signature="APIWeatherTest.compareAndVariance()[pri:2, instance:automationTests.APIWeatherTest@612fc6eb]" name="compareAndVariance" class="automationTests.APIWeatherTest"/>
      </group> <!-- API -->
    </groups>
    <test name="All Tests" duration-ms="15474" started-at="2021-09-19T11:37:36Z" finished-at="2021-09-19T11:37:52Z">
      <class name="automationTests.APIWeatherTest">
        <test-method status="PASS" signature="beforeMethod(java.lang.reflect.Method)[pri:0, instance:automationTests.APIWeatherTest@612fc6eb]" name="beforeMethod" is-config="true" duration-ms="501" started-at="2021-09-19T17:07:49Z" finished-at="2021-09-19T17:07:50Z">
          <params>
            <param index="0">
              <value>
                <![CDATA[public void automationTests.APIWeatherTest.getWeatherInformation() throws java.io.IOException]]>
              </value>
            </param>
          </params>
          <reporter-output>
          </reporter-output>
        </test-method> <!-- beforeMethod -->
        <test-method status="PASS" signature="getWeatherInformation()[pri:1, instance:automationTests.APIWeatherTest@612fc6eb]" name="getWeatherInformation" duration-ms="1688" started-at="2021-09-19T17:07:50Z" finished-at="2021-09-19T17:07:51Z">
          <reporter-output>
          </reporter-output>
        </test-method> <!-- getWeatherInformation -->
        <test-method status="PASS" signature="afterMethod(org.testng.ITestResult, java.lang.reflect.Method)[pri:0, instance:automationTests.APIWeatherTest@612fc6eb]" name="afterMethod" is-config="true" duration-ms="1" started-at="2021-09-19T17:07:51Z" finished-at="2021-09-19T17:07:51Z">
          <params>
            <param index="0">
              <value>
                <![CDATA[[TestResult name=getWeatherInformation status=SUCCESS method=APIWeatherTest.getWeatherInformation()[pri:1, instance:automationTests.APIWeatherTest@612fc6eb] output={null}]]]>
              </value>
            </param>
            <param index="1">
              <value>
                <![CDATA[public void automationTests.APIWeatherTest.getWeatherInformation() throws java.io.IOException]]>
              </value>
            </param>
          </params>
          <reporter-output>
          </reporter-output>
        </test-method> <!-- afterMethod -->
        <test-method status="PASS" signature="beforeMethod(java.lang.reflect.Method)[pri:0, instance:automationTests.APIWeatherTest@612fc6eb]" name="beforeMethod" is-config="true" duration-ms="1" started-at="2021-09-19T17:07:51Z" finished-at="2021-09-19T17:07:51Z">
          <params>
            <param index="0">
              <value>
                <![CDATA[public void automationTests.APIWeatherTest.compareAndVariance() throws java.io.IOException]]>
              </value>
            </param>
          </params>
          <reporter-output>
          </reporter-output>
        </test-method> <!-- beforeMethod -->
        <test-method status="PASS" signature="compareAndVariance()[pri:2, instance:automationTests.APIWeatherTest@612fc6eb]" name="compareAndVariance" duration-ms="2" started-at="2021-09-19T17:07:51Z" depends-on-methods="automationTests.APIWeatherTest.getWeatherInformation" finished-at="2021-09-19T17:07:51Z">
          <reporter-output>
          </reporter-output>
        </test-method> <!-- compareAndVariance -->
        <test-method status="PASS" signature="afterMethod(org.testng.ITestResult, java.lang.reflect.Method)[pri:0, instance:automationTests.APIWeatherTest@612fc6eb]" name="afterMethod" is-config="true" duration-ms="1" started-at="2021-09-19T17:07:51Z" finished-at="2021-09-19T17:07:51Z">
          <params>
            <param index="0">
              <value>
                <![CDATA[[TestResult name=compareAndVariance status=SUCCESS method=APIWeatherTest.compareAndVariance()[pri:2, instance:automationTests.APIWeatherTest@612fc6eb] output={null}]]]>
              </value>
            </param>
            <param index="1">
              <value>
                <![CDATA[public void automationTests.APIWeatherTest.compareAndVariance() throws java.io.IOException]]>
              </value>
            </param>
          </params>
          <reporter-output>
          </reporter-output>
        </test-method> <!-- afterMethod -->
      </class> <!-- automationTests.APIWeatherTest -->
      <class name="automationTests.HomePageTest">
        <test-method status="PASS" signature="ArchiveResultsAtStart()[pri:0, instance:automationTests.HomePageTest@eafc191]" name="ArchiveResultsAtStart" is-config="true" duration-ms="10" started-at="2021-09-19T17:07:36Z" finished-at="2021-09-19T17:07:36Z">
          <reporter-output>
          </reporter-output>
        </test-method> <!-- ArchiveResultsAtStart -->
        <test-method status="PASS" signature="beforeTest()[pri:0, instance:automationTests.HomePageTest@eafc191]" name="beforeTest" is-config="true" duration-ms="115" started-at="2021-09-19T17:07:36Z" finished-at="2021-09-19T17:07:36Z">
          <reporter-output>
          </reporter-output>
        </test-method> <!-- beforeTest -->
        <test-method status="PASS" signature="beforeMethod(java.lang.reflect.Method)[pri:0, instance:automationTests.HomePageTest@eafc191]" name="beforeMethod" is-config="true" duration-ms="9398" started-at="2021-09-19T17:07:36Z" finished-at="2021-09-19T17:07:46Z">
          <params>
            <param index="0">
              <value>
                <![CDATA[public void automationTests.HomePageTest.validateSearchResultsForValidCitySearch() throws java.io.IOException]]>
              </value>
            </param>
          </params>
          <reporter-output>
          </reporter-output>
        </test-method> <!-- beforeMethod -->
        <test-method status="PASS" signature="validateSearchResultsForValidCitySearch()[pri:1, instance:automationTests.HomePageTest@eafc191]" name="validateSearchResultsForValidCitySearch" duration-ms="2695" started-at="2021-09-19T17:07:46Z" finished-at="2021-09-19T17:07:48Z">
          <reporter-output>
          </reporter-output>
        </test-method> <!-- validateSearchResultsForValidCitySearch -->
        <test-method status="PASS" signature="afterMethod(org.testng.ITestResult, java.lang.reflect.Method)[pri:0, instance:automationTests.HomePageTest@eafc191]" name="afterMethod" is-config="true" duration-ms="719" started-at="2021-09-19T17:07:48Z" finished-at="2021-09-19T17:07:49Z">
          <params>
            <param index="0">
              <value>
                <![CDATA[[TestResult name=validateSearchResultsForValidCitySearch status=SUCCESS method=HomePageTest.validateSearchResultsForValidCitySearch()[pri:1, instance:automationTests.HomePageTest@eafc191] output={null}]]]>
              </value>
            </param>
            <param index="1">
              <value>
                <![CDATA[public void automationTests.HomePageTest.validateSearchResultsForValidCitySearch() throws java.io.IOException]]>
              </value>
            </param>
          </params>
          <reporter-output>
          </reporter-output>
        </test-method> <!-- afterMethod -->
        <test-method status="PASS" signature="afterTest()[pri:0, instance:automationTests.HomePageTest@eafc191]" name="afterTest" is-config="true" duration-ms="342" started-at="2021-09-19T17:07:51Z" finished-at="2021-09-19T17:07:52Z">
          <reporter-output>
          </reporter-output>
        </test-method> <!-- afterTest -->
        <test-method status="PASS" signature="moveResultsToCurrentTestResults()[pri:0, instance:automationTests.HomePageTest@eafc191]" name="moveResultsToCurrentTestResults" is-config="true" duration-ms="15" started-at="2021-09-19T17:07:52Z" finished-at="2021-09-19T17:07:52Z">
          <reporter-output>
          </reporter-output>
        </test-method> <!-- moveResultsToCurrentTestResults -->
      </class> <!-- automationTests.HomePageTest -->
    </test> <!-- All Tests -->
  </suite> <!-- Suite -->
</testng-results>
